-------------------------------------------------------------------------------
Test set: com.revature.ApplicationTests
-------------------------------------------------------------------------------
Tests run: 1, Failures: 0, Errors: 1, Skipped: 0, Time elapsed: 1.667 s <<< FAILURE! - in com.revature.ApplicationTests
com.revature.ApplicationTests  Time elapsed: 1.664 s  <<< ERROR!
java.lang.IllegalStateException: Unable to find a @SpringBootConfiguration, you need to use @ContextConfiguration or @SpringBootTest(classes=...) with your test

